ERROR:root:[Time Out!] project_id: 13407016, path: /home/senior/senior/Sample_Projects/round_2/13407016/sickbeard/helpers.py
ERROR:root:[Time Out!] project_id: 22752448, path: /home/senior/senior/Sample_Projects/round_2/22752448/csw/mgar/gar/v2/lib/python/testdata/tree_stats.py
ERROR:root:[Time Out!] project_id: 22752448, path: /home/senior/senior/Sample_Projects/round_2/22752448/csw/mgar/gar/v2/lib/python/testdata/cadaver_stats.py
ERROR:root:[Time Out!] project_id: 13407016, path: /home/senior/senior/Sample_Projects/round_2/13407016/sickbeard/show_queue.py
ERROR:root:[Time Out!] project_id: 22752448, path: /home/senior/senior/Sample_Projects/round_2/22752448/csw/mgar/gar/v2/lib/python/testdata/libnet_stats.py
ERROR:root:[Time Out!] project_id: 13407016, path: /home/senior/senior/Sample_Projects/round_2/13407016/sickbeard/tv.py
ERROR:root:[Time Out!] project_id: 23686537, path: /home/senior/senior/Sample_Projects/round_2/23686537/bin/Python27/Lib/site-packages/requests/packages/chardet/euctwfreq.py
ERROR:root:[Time Out!] project_id: 22752448, path: /home/senior/senior/Sample_Projects/round_2/22752448/csw/mgar/gar/v2/lib/python/testdata/ivtools_stats.py
ERROR:root:[Time Out!] project_id: 13407016, path: /home/senior/senior/Sample_Projects/round_2/13407016/sickbeard/providers/newznab.py
ERROR:root:[Time Out!] project_id: 23686537, path: /home/senior/senior/Sample_Projects/round_2/23686537/bin/Python27/Lib/site-packages/requests/packages/chardet/gb2312freq.py
ERROR:root:[Time Out!] project_id: 22752448, path: /home/senior/senior/Sample_Projects/round_2/22752448/csw/mgar/gar/v2/lib/python/testdata/rsync_stats.py
ERROR:root:[Time Out!] project_id: 23686537, path: /home/senior/senior/Sample_Projects/round_2/23686537/bin/Python27/Lib/site-packages/requests/packages/chardet/euckrfreq.py
ERROR:root:[Time Out!] project_id: 13745503, path: /home/senior/senior/Sample_Projects/round_2/13745503/pyidf/surface_construction_elements.py
ERROR:root:[Time Out!] project_id: 22752448, path: /home/senior/senior/Sample_Projects/round_2/22752448/csw/mgar/gar/v2/lib/python/testdata/javasvn_stats.py
ERROR:root:[Time Out!] project_id: 13407016, path: /home/senior/senior/Sample_Projects/round_2/13407016/tests/common_tests.py
ERROR:root:[Time Out!] project_id: 22752448, path: /home/senior/senior/Sample_Projects/round_2/22752448/csw/mgar/gar/v2/lib/python/testdata/berkeleydb48_stats.py
ERROR:root:[Time Out!] project_id: 22752448, path: /home/senior/senior/Sample_Projects/round_2/22752448/csw/mgar/gar/v2/lib/python/testdata/sudo_stats.py
ERROR:root:[Time Out!] project_id: 22752448, path: /home/senior/senior/Sample_Projects/round_2/22752448/csw/mgar/gar/v2/lib/python/testdata/vsftpd_stats.py
ERROR:root:[Time Out!] project_id: 22752448, path: /home/senior/senior/Sample_Projects/round_2/22752448/csw/mgar/gar/v2/lib/python/testdata/neon_stats.py
ERROR:root:[Time Out!] project_id: 23686537, path: /home/senior/senior/Sample_Projects/round_2/23686537/bin/Python27/Lib/site-packages/requests/packages/chardet/jisfreq.py
ERROR:root:[Time Out!] project_id: 22752448, path: /home/senior/senior/Sample_Projects/round_2/22752448/csw/mgar/gar/v2/lib/python/testdata/mercurial_stats.py
ERROR:root:[Time Out!] project_id: 13745503, path: /home/senior/senior/Sample_Projects/round_2/13745503/pyidf/plant_heating_and_cooling_equipment.py
ERROR:root:[Time Out!] project_id: 22752448, path: /home/senior/senior/Sample_Projects/round_2/22752448/csw/mgar/gar/v2/lib/python/testdata/apr_util_stats.py
ERROR:root:[Time Out!] project_id: 23686537, path: /home/senior/senior/Sample_Projects/round_2/23686537/bin/Python27/Lib/site-packages/requests/packages/chardet/big5freq.py
