ERROR:root:['total'], project_id: 13575507, path: /home/senior/senior/Sample_Projects/round_2/13575507/staging_dir/target-mipsel_r2_uClibc-0.9.33.2/usr/lib/python2.7/lib2to3/tests/data/py3_test_grammar.py
ERROR:root:[Expecting value: line 1 column 1 (char 0)], project_id: 13575507, path: /home/senior/senior/Sample_Projects/round_2/13575507/staging_dir/target-mipsel_r2_uClibc-0.9.33.2/usr/lib/python2.7/test/bad_coding2.py
ERROR:root:['total'], project_id: 13575507, path: /home/senior/senior/Sample_Projects/round_2/13575507/staging_dir/target-mipsel_r2_uClibc-0.9.33.2/usr/lib/python2.7/test/badsyntax_nocaret.py
ERROR:root:[Expecting value: line 1 column 1 (char 0)], project_id: 13575507, path: /home/senior/senior/Sample_Projects/round_2/13575507/staging_dir/target-mipsel_r2_uClibc-0.9.33.2/usr/lib/python2.7/test/bad_coding.py
ERROR:root:['total'], project_id: 13575507, path: /home/senior/senior/Sample_Projects/round_2/13575507/staging_dir/host/lib/python2.7/lib2to3/tests/data/py3_test_grammar.py
ERROR:root:[Expecting value: line 1 column 1 (char 0)], project_id: 13575507, path: /home/senior/senior/Sample_Projects/round_2/13575507/staging_dir/host/lib/python2.7/test/bad_coding2.py
ERROR:root:['total'], project_id: 13575507, path: /home/senior/senior/Sample_Projects/round_2/13575507/staging_dir/host/lib/python2.7/test/badsyntax_nocaret.py
ERROR:root:[Expecting value: line 1 column 1 (char 0)], project_id: 13575507, path: /home/senior/senior/Sample_Projects/round_2/13575507/staging_dir/host/lib/python2.7/test/bad_coding.py
ERROR:root:[Command '['radon', 'raw', '-j', '/home/senior/senior/Sample_Projects/round_2/9714508/python/google/storage/speckle/proto/client_pb2.py']' timed out after 10 seconds], project_id: 9714508, path: /home/senior/senior/Sample_Projects/round_2/9714508/python/google/storage/speckle/proto/client_pb2.py
ERROR:root:['total'], project_id: 9714508, path: /home/senior/senior/Sample_Projects/round_2/9714508/python/lib/cherrypy/cherrypy/test/test_auth_digest.py
ERROR:root:['total'], project_id: 9714508, path: /home/senior/senior/Sample_Projects/round_2/9714508/python/lib/cherrypy/cherrypy/test/test_auth_basic.py
ERROR:root:['total'], project_id: 9714508, path: /home/senior/senior/Sample_Projects/round_2/9714508/python/lib/cherrypy/cherrypy/lib/auth_basic.py
ERROR:root:['total'], project_id: 9714508, path: /home/senior/senior/Sample_Projects/round_2/9714508/python/lib/cherrypy/cherrypy/lib/auth_digest.py
ERROR:root:[Command '['radon', 'raw', '-j', '/home/senior/senior/Sample_Projects/round_2/9714508/python/lib/grpcio-1.9.1/google/protobuf/test_messages_proto3_pb2.py']' timed out after 10 seconds], project_id: 9714508, path: /home/senior/senior/Sample_Projects/round_2/9714508/python/lib/grpcio-1.9.1/google/protobuf/test_messages_proto3_pb2.py
ERROR:root:[Command '['radon', 'raw', '-j', '/home/senior/senior/Sample_Projects/round_2/15848561/impacket-0.9.11/impacket/system_errors.py']' timed out after 10 seconds], project_id: 15848561, path: /home/senior/senior/Sample_Projects/round_2/15848561/impacket-0.9.11/impacket/system_errors.py
ERROR:root:[Command '['radon', 'raw', '-j', '/home/senior/senior/Sample_Projects/round_2/15848561/impacket-0.9.11/impacket/nt_errors.py']' timed out after 10 seconds], project_id: 15848561, path: /home/senior/senior/Sample_Projects/round_2/15848561/impacket-0.9.11/impacket/nt_errors.py
ERROR:root:['sloc'], project_id: 15848561, path: /home/senior/senior/Sample_Projects/round_2/15848561/impacket-0.9.11/impacket/examples/remcomsvc.py
ERROR:root:[Command '['radon', 'raw', '-j', '/home/senior/senior/Sample_Projects/round_2/15848561/impacket-0.9.11/build/lib.linux-i686-2.6/impacket/system_errors.py']' timed out after 10 seconds], project_id: 15848561, path: /home/senior/senior/Sample_Projects/round_2/15848561/impacket-0.9.11/build/lib.linux-i686-2.6/impacket/system_errors.py
ERROR:root:[Command '['radon', 'cc', '--total-average', '/home/senior/senior/Sample_Projects/round_2/15848561/impacket-0.9.11/build/lib.linux-i686-2.6/impacket/nmb.py']' timed out after 10 seconds], project_id: 15848561, path: /home/senior/senior/Sample_Projects/round_2/15848561/impacket-0.9.11/build/lib.linux-i686-2.6/impacket/nmb.py
ERROR:root:[Command '['radon', 'hal', '-j', '/home/senior/senior/Sample_Projects/round_2/15848561/impacket-0.9.11/build/lib.linux-i686-2.6/impacket/Dot11Crypto.py']' timed out after 10 seconds], project_id: 15848561, path: /home/senior/senior/Sample_Projects/round_2/15848561/impacket-0.9.11/build/lib.linux-i686-2.6/impacket/Dot11Crypto.py
ERROR:root:[Command '['radon', 'hal', '-j', '/home/senior/senior/Sample_Projects/round_2/15848561/impacket-0.9.11/build/lib.linux-i686-2.6/impacket/cdp.py']' timed out after 10 seconds], project_id: 15848561, path: /home/senior/senior/Sample_Projects/round_2/15848561/impacket-0.9.11/build/lib.linux-i686-2.6/impacket/cdp.py
ERROR:root:[Command '['radon', 'hal', '-j', '/home/senior/senior/Sample_Projects/round_2/15848561/impacket-0.9.11/build/lib.linux-i686-2.6/impacket/nt_errors.py']' timed out after 10 seconds], project_id: 15848561, path: /home/senior/senior/Sample_Projects/round_2/15848561/impacket-0.9.11/build/lib.linux-i686-2.6/impacket/nt_errors.py
ERROR:root:[Command '['radon', 'hal', '-j', '/home/senior/senior/Sample_Projects/round_2/15848561/impacket-0.9.11/build/lib.linux-i686-2.6/impacket/helper.py']' timed out after 10 seconds], project_id: 15848561, path: /home/senior/senior/Sample_Projects/round_2/15848561/impacket-0.9.11/build/lib.linux-i686-2.6/impacket/helper.py
ERROR:root:[Command '['radon', 'hal', '-j', '/home/senior/senior/Sample_Projects/round_2/15848561/impacket-0.9.11/build/lib.linux-i686-2.6/impacket/smbserver.py']' timed out after 10 seconds], project_id: 15848561, path: /home/senior/senior/Sample_Projects/round_2/15848561/impacket-0.9.11/build/lib.linux-i686-2.6/impacket/smbserver.py
ERROR:root:[Command '['radon', 'hal', '-j', '/home/senior/senior/Sample_Projects/round_2/15848561/impacket-0.9.11/build/lib.linux-i686-2.6/impacket/eap.py']' timed out after 10 seconds], project_id: 15848561, path: /home/senior/senior/Sample_Projects/round_2/15848561/impacket-0.9.11/build/lib.linux-i686-2.6/impacket/eap.py
ERROR:root:[Command '['radon', 'hal', '-j', '/home/senior/senior/Sample_Projects/round_2/15848561/impacket-0.9.11/build/lib.linux-i686-2.6/impacket/examples/__init__.py']' timed out after 10 seconds], project_id: 15848561, path: /home/senior/senior/Sample_Projects/round_2/15848561/impacket-0.9.11/build/lib.linux-i686-2.6/impacket/examples/__init__.py
ERROR:root:[Command '['radon', 'hal', '-j', '/home/senior/senior/Sample_Projects/round_2/15848561/impacket-0.9.11/build/lib.linux-i686-2.6/impacket/examples/remcomsvc.py']' timed out after 10 seconds], project_id: 15848561, path: /home/senior/senior/Sample_Projects/round_2/15848561/impacket-0.9.11/build/lib.linux-i686-2.6/impacket/examples/remcomsvc.py
ERROR:root:[Command '['radon', 'hal', '-j', '/home/senior/senior/Sample_Projects/round_2/15848561/impacket-0.9.11/build/lib.linux-i686-2.6/impacket/examples/serviceinstall.py']' timed out after 10 seconds], project_id: 15848561, path: /home/senior/senior/Sample_Projects/round_2/15848561/impacket-0.9.11/build/lib.linux-i686-2.6/impacket/examples/serviceinstall.py
ERROR:root:[Command '['radon', 'hal', '-j', '/home/senior/senior/Sample_Projects/round_2/15848561/impacket-0.9.11/build/lib.linux-i686-2.6/impacket/dcerpc/atsvc.py']' timed out after 10 seconds], project_id: 15848561, path: /home/senior/senior/Sample_Projects/round_2/15848561/impacket-0.9.11/build/lib.linux-i686-2.6/impacket/dcerpc/atsvc.py
ERROR:root:[Command '['radon', 'hal', '-j', '/home/senior/senior/Sample_Projects/round_2/15848561/impacket-0.9.11/build/lib.linux-i686-2.6/impacket/dcerpc/conv.py']' timed out after 10 seconds], project_id: 15848561, path: /home/senior/senior/Sample_Projects/round_2/15848561/impacket-0.9.11/build/lib.linux-i686-2.6/impacket/dcerpc/conv.py
ERROR:root:[Command '['radon', 'hal', '-j', '/home/senior/senior/Sample_Projects/round_2/15848561/impacket-0.9.11/build/lib.linux-i686-2.6/impacket/dcerpc/wkssvc.py']' timed out after 10 seconds], project_id: 15848561, path: /home/senior/senior/Sample_Projects/round_2/15848561/impacket-0.9.11/build/lib.linux-i686-2.6/impacket/dcerpc/wkssvc.py
ERROR:root:[Command '['radon', 'hal', '-j', '/home/senior/senior/Sample_Projects/round_2/15848561/impacket-0.9.11/build/lib.linux-i686-2.6/impacket/dcerpc/__init__.py']' timed out after 10 seconds], project_id: 15848561, path: /home/senior/senior/Sample_Projects/round_2/15848561/impacket-0.9.11/build/lib.linux-i686-2.6/impacket/dcerpc/__init__.py
ERROR:root:[Command '['radon', 'hal', '-j', '/home/senior/senior/Sample_Projects/round_2/15848561/impacket-0.9.11/build/lib.linux-i686-2.6/impacket/dcerpc/epm.py']' timed out after 10 seconds], project_id: 15848561, path: /home/senior/senior/Sample_Projects/round_2/15848561/impacket-0.9.11/build/lib.linux-i686-2.6/impacket/dcerpc/epm.py
ERROR:root:[Command '['radon', 'hal', '-j', '/home/senior/senior/Sample_Projects/round_2/15848561/impacket-0.9.11/build/lib.linux-i686-2.6/impacket/dcerpc/dcerpc.py']' timed out after 10 seconds], project_id: 15848561, path: /home/senior/senior/Sample_Projects/round_2/15848561/impacket-0.9.11/build/lib.linux-i686-2.6/impacket/dcerpc/dcerpc.py
ERROR:root:[Command '['radon', 'raw', '-j', '/home/senior/senior/Sample_Projects/round_2/15848561/impacket-0.9.11/build/lib/impacket/system_errors.py']' timed out after 10 seconds], project_id: 15848561, path: /home/senior/senior/Sample_Projects/round_2/15848561/impacket-0.9.11/build/lib/impacket/system_errors.py
ERROR:root:[Command '['radon', 'raw', '-j', '/home/senior/senior/Sample_Projects/round_2/15848561/impacket-0.9.11/build/lib/impacket/nt_errors.py']' timed out after 10 seconds], project_id: 15848561, path: /home/senior/senior/Sample_Projects/round_2/15848561/impacket-0.9.11/build/lib/impacket/nt_errors.py
ERROR:root:['sloc'], project_id: 15848561, path: /home/senior/senior/Sample_Projects/round_2/15848561/impacket-0.9.11/build/lib/impacket/examples/remcomsvc.py
ERROR:root:['total'], project_id: 2847704, path: /home/senior/senior/Sample_Projects/round_2/2847704/ns-3-dev/src/lte/test/examples-to-run.py
ERROR:root:['total'], project_id: 2847704, path: /home/senior/senior/Sample_Projects/round_2/2847704/ns-3-dev/src/buildings/test/examples-to-run.py
ERROR:root:['total'], project_id: 54266, path: /home/senior/senior/Sample_Projects/round_2/54266/misc/tools/multitest/init_data/node_settings.py
ERROR:root:['total'], project_id: 54266, path: /home/senior/senior/Sample_Projects/round_2/54266/misc/tools/generateDS-2.7a/Demos/People/Validators/percent.py
ERROR:root:['total'], project_id: 54266, path: /home/senior/senior/Sample_Projects/round_2/54266/misc/tools/generateDS-2.7a/Demos/People/Validators/FlowType.py
ERROR:root:['total'], project_id: 54266, path: /home/senior/senior/Sample_Projects/round_2/54266/misc/tools/generateDS-2.7a/Demos/Xmlbehavior/po_sub.py
ERROR:root:['total'], project_id: 54266, path: /home/senior/senior/Sample_Projects/round_2/54266/misc/tools/generateDS-2.7a/SWIG/testsub.py
ERROR:root:['total'], project_id: 809314, path: /home/senior/senior/Sample_Projects/round_2/809314/src/freenas/usr/local/bin/snmp-agent.py
ERROR:root:['total'], project_id: 809314, path: /home/senior/senior/Sample_Projects/round_2/809314/src/freenas/usr/local/sbin/migrate_warden.py
ERROR:root:['total'], project_id: 809314, path: /home/senior/senior/Sample_Projects/round_2/809314/src/freenas/usr/local/lib/middlewared_truenas/plugins/sensor.py
ERROR:root:['total'], project_id: 809314, path: /home/senior/senior/Sample_Projects/round_2/809314/src/freenas/usr/local/lib/middlewared_truenas/plugins/enclosure.py
ERROR:root:['total'], project_id: 809314, path: /home/senior/senior/Sample_Projects/round_2/809314/src/freenas/usr/local/lib/middlewared_truenas/plugins/fcport.py
ERROR:root:['total'], project_id: 809314, path: /home/senior/senior/Sample_Projects/round_2/809314/src/freenas/usr/local/lib/middlewared_truenas/plugins/asigra.py
ERROR:root:['total'], project_id: 809314, path: /home/senior/senior/Sample_Projects/round_2/809314/src/freenas/usr/local/lib/middlewared_truenas/plugins/failover.py
ERROR:root:['total'], project_id: 809314, path: /home/senior/senior/Sample_Projects/round_2/809314/src/freenas/usr/local/lib/middlewared_truenas/plugins/truenas.py
ERROR:root:['total'], project_id: 809314, path: /home/senior/senior/Sample_Projects/round_2/809314/src/freenas/usr/local/lib/middlewared_truenas/plugins/failover_/remote.py
ERROR:root:['total'], project_id: 809314, path: /home/senior/senior/Sample_Projects/round_2/809314/src/freenas/usr/local/lib/middlewared_truenas/plugins/failover_/event.py
ERROR:root:['total'], project_id: 809314, path: /home/senior/senior/Sample_Projects/round_2/809314/src/freenas/usr/local/lib/middlewared_truenas/alert/source/enclosure_status.py
ERROR:root:['total'], project_id: 809314, path: /home/senior/senior/Sample_Projects/round_2/809314/src/freenas/usr/local/lib/middlewared_truenas/alert/source/failover_disks.py
ERROR:root:['total'], project_id: 809314, path: /home/senior/senior/Sample_Projects/round_2/809314/src/freenas/usr/local/lib/middlewared_truenas/alert/source/sata_dom_wear.py
ERROR:root:['total'], project_id: 809314, path: /home/senior/senior/Sample_Projects/round_2/809314/src/freenas/usr/local/lib/middlewared_truenas/alert/source/license_status.py
ERROR:root:['total'], project_id: 809314, path: /home/senior/senior/Sample_Projects/round_2/809314/src/freenas/usr/local/lib/middlewared_truenas/alert/source/ix.py
ERROR:root:['total'], project_id: 809314, path: /home/senior/senior/Sample_Projects/round_2/809314/src/freenas/usr/local/lib/middlewared_truenas/alert/source/sensors.py
ERROR:root:['total'], project_id: 809314, path: /home/senior/senior/Sample_Projects/round_2/809314/src/freenas/usr/local/lib/middlewared_truenas/alert/source/failover_ip.py
ERROR:root:['total'], project_id: 809314, path: /home/senior/senior/Sample_Projects/round_2/809314/src/freenas/usr/local/lib/middlewared_truenas/alert/source/nvdimm.py
ERROR:root:['total'], project_id: 809314, path: /home/senior/senior/Sample_Projects/round_2/809314/src/freenas/usr/local/lib/middlewared_truenas/pytest/unit/alert/source/test_failover.py
ERROR:root:['total'], project_id: 809314, path: /home/senior/senior/Sample_Projects/round_2/809314/src/freenas/etc/find_alias_for_smtplib.py
ERROR:root:['total'], project_id: 809314, path: /home/senior/senior/Sample_Projects/round_2/809314/src/middlewared/setup.py
ERROR:root:['total'], project_id: 809314, path: /home/senior/senior/Sample_Projects/round_2/809314/src/middlewared/misc/io_thread_pool_executor_manual_test.py
ERROR:root:['total'], project_id: 809314, path: /home/senior/senior/Sample_Projects/round_2/809314/src/middlewared/middlewared/main.py
ERROR:root:['total'], project_id: 809314, path: /home/senior/senior/Sample_Projects/round_2/809314/src/middlewared/middlewared/i18n.py
ERROR:root:['total'], project_id: 809314, path: /home/senior/senior/Sample_Projects/round_2/809314/src/middlewared/middlewared/worker.py
ERROR:root:['total'], project_id: 809314, path: /home/senior/senior/Sample_Projects/round_2/809314/src/middlewared/middlewared/webui_auth.py
ERROR:root:['total'], project_id: 809314, path: /home/senior/senior/Sample_Projects/round_2/809314/src/middlewared/middlewared/restful.py
ERROR:root:['total'], project_id: 809314, path: /home/senior/senior/Sample_Projects/round_2/809314/src/middlewared/middlewared/event.py
ERROR:root:['total'], project_id: 809314, path: /home/senior/senior/Sample_Projects/round_2/809314/src/middlewared/middlewared/pipe.py
ERROR:root:['total'], project_id: 809314, path: /home/senior/senior/Sample_Projects/round_2/809314/src/middlewared/middlewared/job.py
ERROR:root:['total'], project_id: 809314, path: /home/senior/senior/Sample_Projects/round_2/809314/src/middlewared/middlewared/validators.py
ERROR:root:['total'], project_id: 809314, path: /home/senior/senior/Sample_Projects/round_2/809314/src/middlewared/middlewared/schema.py
ERROR:root:['total'], project_id: 809314, path: /home/senior/senior/Sample_Projects/round_2/809314/src/middlewared/middlewared/service_exception.py
ERROR:root:['total'], project_id: 809314, path: /home/senior/senior/Sample_Projects/round_2/809314/src/middlewared/middlewared/async_validators.py
ERROR:root:['total'], project_id: 809314, path: /home/senior/senior/Sample_Projects/round_2/809314/src/middlewared/middlewared/service.py
ERROR:root:['total'], project_id: 809314, path: /home/senior/senior/Sample_Projects/round_2/809314/src/middlewared/middlewared/plugins/directoryservices.py
ERROR:root:['total'], project_id: 809314, path: /home/senior/senior/Sample_Projects/round_2/809314/src/middlewared/middlewared/plugins/ups.py
ERROR:root:['total'], project_id: 809314, path: /home/senior/senior/Sample_Projects/round_2/809314/src/middlewared/middlewared/plugins/snmp.py
ERROR:root:['total'], project_id: 809314, path: /home/senior/senior/Sample_Projects/round_2/809314/src/middlewared/middlewared/plugins/update.py
ERROR:root:['total'], project_id: 809314, path: /home/senior/senior/Sample_Projects/round_2/809314/src/middlewared/middlewared/plugins/init_shutdown_script.py
ERROR:root:['total'], project_id: 809314, path: /home/senior/senior/Sample_Projects/round_2/809314/src/middlewared/middlewared/plugins/ftp.py
ERROR:root:['total'], project_id: 809314, path: /home/senior/senior/Sample_Projects/round_2/809314/src/middlewared/middlewared/plugins/smart.py
ERROR:root:['total'], project_id: 809314, path: /home/senior/senior/Sample_Projects/round_2/809314/src/middlewared/middlewared/plugins/stats.py
ERROR:root:['total'], project_id: 809314, path: /home/senior/senior/Sample_Projects/round_2/809314/src/middlewared/middlewared/plugins/smb.py
ERROR:root:['total'], project_id: 809314, path: /home/senior/senior/Sample_Projects/round_2/809314/src/middlewared/middlewared/plugins/unscheduled_reboot_alert.py
ERROR:root:['total'], project_id: 809314, path: /home/senior/senior/Sample_Projects/round_2/809314/src/middlewared/middlewared/plugins/zfs.py
ERROR:root:['total'], project_id: 809314, path: /home/senior/senior/Sample_Projects/round_2/809314/src/middlewared/middlewared/plugins/iscsi.py
ERROR:root:['total'], project_id: 809314, path: /home/senior/senior/Sample_Projects/round_2/809314/src/middlewared/middlewared/plugins/pwenc.py
ERROR:root:['total'], project_id: 809314, path: /home/senior/senior/Sample_Projects/round_2/809314/src/middlewared/middlewared/plugins/pool.py
ERROR:root:['total'], project_id: 809314, path: /home/senior/senior/Sample_Projects/round_2/809314/src/middlewared/middlewared/plugins/webui.py
ERROR:root:['total'], project_id: 809314, path: /home/senior/senior/Sample_Projects/round_2/809314/src/middlewared/middlewared/plugins/jail_freebsd.py
ERROR:root:['total'], project_id: 809314, path: /home/senior/senior/Sample_Projects/round_2/809314/src/middlewared/middlewared/plugins/snapshot.py
ERROR:root:['total'], project_id: 809314, path: /home/senior/senior/Sample_Projects/round_2/809314/src/middlewared/middlewared/plugins/multipath.py
ERROR:root:['total'], project_id: 809314, path: /home/senior/senior/Sample_Projects/round_2/809314/src/middlewared/middlewared/plugins/support.py
ERROR:root:['total'], project_id: 809314, path: /home/senior/senior/Sample_Projects/round_2/809314/src/middlewared/middlewared/plugins/ssh.py
ERROR:root:['total'], project_id: 809314, path: /home/senior/senior/Sample_Projects/round_2/809314/src/middlewared/middlewared/plugins/alert.py
ERROR:root:['total'], project_id: 809314, path: /home/senior/senior/Sample_Projects/round_2/809314/src/middlewared/middlewared/plugins/dyndns.py
ERROR:root:['total'], project_id: 809314, path: /home/senior/senior/Sample_Projects/round_2/809314/src/middlewared/middlewared/plugins/mdns.py
ERROR:root:['total'], project_id: 809314, path: /home/senior/senior/Sample_Projects/round_2/809314/src/middlewared/middlewared/plugins/nfs.py
ERROR:root:['total'], project_id: 809314, path: /home/senior/senior/Sample_Projects/round_2/809314/src/middlewared/middlewared/plugins/ipmi.py
ERROR:root:['total'], project_id: 809314, path: /home/senior/senior/Sample_Projects/round_2/809314/src/middlewared/middlewared/plugins/migration.py
ERROR:root:['total'], project_id: 809314, path: /home/senior/senior/Sample_Projects/round_2/809314/src/middlewared/middlewared/plugins/etc.py
ERROR:root:['total'], project_id: 809314, path: /home/senior/senior/Sample_Projects/round_2/809314/src/middlewared/middlewared/plugins/tunables.py
ERROR:root:['total'], project_id: 809314, path: /home/senior/senior/Sample_Projects/round_2/809314/src/middlewared/middlewared/plugins/vmware.py
ERROR:root:['total'], project_id: 809314, path: /home/senior/senior/Sample_Projects/round_2/809314/src/middlewared/middlewared/plugins/vpn.py
ERROR:root:['total'], project_id: 809314, path: /home/senior/senior/Sample_Projects/round_2/809314/src/middlewared/middlewared/plugins/webdav.py
ERROR:root:['total'], project_id: 809314, path: /home/senior/senior/Sample_Projects/round_2/809314/src/middlewared/middlewared/plugins/reporting.py
ERROR:root:['total'], project_id: 809314, path: /home/senior/senior/Sample_Projects/round_2/809314/src/middlewared/middlewared/plugins/s3.py
ERROR:root:['total'], project_id: 809314, path: /home/senior/senior/Sample_Projects/round_2/809314/src/middlewared/middlewared/plugins/nis.py
ERROR:root:['total'], project_id: 809314, path: /home/senior/senior/Sample_Projects/round_2/809314/src/middlewared/middlewared/plugins/auth.py
ERROR:root:['total'], project_id: 809314, path: /home/senior/senior/Sample_Projects/round_2/809314/src/middlewared/middlewared/plugins/zettarepl.py
ERROR:root:['total'], project_id: 809314, path: /home/senior/senior/Sample_Projects/round_2/809314/src/middlewared/middlewared/plugins/keyvalue.py
ERROR:root:['total'], project_id: 809314, path: /home/senior/senior/Sample_Projects/round_2/809314/src/middlewared/middlewared/plugins/keychain.py
ERROR:root:['total'], project_id: 809314, path: /home/senior/senior/Sample_Projects/round_2/809314/src/middlewared/middlewared/plugins/network.py
ERROR:root:['total'], project_id: 809314, path: /home/senior/senior/Sample_Projects/round_2/809314/src/middlewared/middlewared/plugins/sysdataset.py
ERROR:root:['total'], project_id: 809314, path: /home/senior/senior/Sample_Projects/round_2/809314/src/middlewared/middlewared/plugins/kerberos.py
ERROR:root:['total'], project_id: 809314, path: /home/senior/senior/Sample_Projects/round_2/809314/src/middlewared/middlewared/plugins/cron.py
ERROR:root:['total'], project_id: 809314, path: /home/senior/senior/Sample_Projects/round_2/809314/src/middlewared/middlewared/plugins/lldp.py
ERROR:root:['total'], project_id: 809314, path: /home/senior/senior/Sample_Projects/round_2/809314/src/middlewared/middlewared/plugins/tftp.py
ERROR:root:['total'], project_id: 809314, path: /home/senior/senior/Sample_Projects/round_2/809314/src/middlewared/middlewared/plugins/bootenv.py
ERROR:root:['total'], project_id: 809314, path: /home/senior/senior/Sample_Projects/round_2/809314/src/middlewared/middlewared/plugins/cloud_sync.py
ERROR:root:['total'], project_id: 809314, path: /home/senior/senior/Sample_Projects/round_2/809314/src/middlewared/middlewared/plugins/replication.py
ERROR:root:['total'], project_id: 809314, path: /home/senior/senior/Sample_Projects/round_2/809314/src/middlewared/middlewared/plugins/rsync.py
ERROR:root:['total'], project_id: 809314, path: /home/senior/senior/Sample_Projects/round_2/809314/src/middlewared/middlewared/plugins/device.py
ERROR:root:['total'], project_id: 809314, path: /home/senior/senior/Sample_Projects/round_2/809314/src/middlewared/middlewared/plugins/crypto.py
ERROR:root:['total'], project_id: 809314, path: /home/senior/senior/Sample_Projects/round_2/809314/src/middlewared/middlewared/plugins/disk.py
ERROR:root:['total'], project_id: 809314, path: /home/senior/senior/Sample_Projects/round_2/809314/src/middlewared/middlewared/plugins/idmap.py
ERROR:root:['total'], project_id: 809314, path: /home/senior/senior/Sample_Projects/round_2/809314/src/middlewared/middlewared/plugins/cache.py
ERROR:root:['total'], project_id: 809314, path: /home/senior/senior/Sample_Projects/round_2/809314/src/middlewared/middlewared/plugins/usage.py
ERROR:root:['total'], project_id: 809314, path: /home/senior/senior/Sample_Projects/round_2/809314/src/middlewared/middlewared/plugins/mail.py
ERROR:root:['total'], project_id: 809314, path: /home/senior/senior/Sample_Projects/round_2/809314/src/middlewared/middlewared/plugins/vm.py
ERROR:root:['total'], project_id: 809314, path: /home/senior/senior/Sample_Projects/round_2/809314/src/middlewared/middlewared/plugins/filesystem.py
ERROR:root:['total'], project_id: 809314, path: /home/senior/senior/Sample_Projects/round_2/809314/src/middlewared/middlewared/plugins/config.py
ERROR:root:['total'], project_id: 809314, path: /home/senior/senior/Sample_Projects/round_2/809314/src/middlewared/middlewared/plugins/ldap.py
ERROR:root:['total'], project_id: 809314, path: /home/senior/senior/Sample_Projects/round_2/809314/src/middlewared/middlewared/plugins/ntp.py
ERROR:root:['total'], project_id: 809314, path: /home/senior/senior/Sample_Projects/round_2/809314/src/middlewared/middlewared/plugins/boot.py
ERROR:root:['total'], project_id: 809314, path: /home/senior/senior/Sample_Projects/round_2/809314/src/middlewared/middlewared/plugins/ec2.py
ERROR:root:['total'], project_id: 809314, path: /home/senior/senior/Sample_Projects/round_2/809314/src/middlewared/middlewared/plugins/service.py
ERROR:root:['total'], project_id: 809314, path: /home/senior/senior/Sample_Projects/round_2/809314/src/middlewared/middlewared/plugins/activedirectory.py
ERROR:root:['total'], project_id: 809314, path: /home/senior/senior/Sample_Projects/round_2/809314/src/middlewared/middlewared/plugins/acme_protocol.py
ERROR:root:['total'], project_id: 809314, path: /home/senior/senior/Sample_Projects/round_2/809314/src/middlewared/middlewared/plugins/account.py
ERROR:root:['total'], project_id: 809314, path: /home/senior/senior/Sample_Projects/round_2/809314/src/middlewared/middlewared/plugins/afp.py
ERROR:root:['total'], project_id: 809314, path: /home/senior/senior/Sample_Projects/round_2/809314/src/middlewared/middlewared/plugins/system.py
ERROR:root:['total'], project_id: 809314, path: /home/senior/senior/Sample_Projects/round_2/809314/src/middlewared/middlewared/plugins/smb_/registry.py
ERROR:root:['total'], project_id: 809314, path: /home/senior/senior/Sample_Projects/round_2/809314/src/middlewared/middlewared/plugins/smb_/groupmap.py
ERROR:root:['total'], project_id: 809314, path: /home/senior/senior/Sample_Projects/round_2/809314/src/middlewared/middlewared/plugins/smb_/status.py
ERROR:root:['total'], project_id: 809314, path: /home/senior/senior/Sample_Projects/round_2/809314/src/middlewared/middlewared/plugins/smb_/passdb.py
ERROR:root:['total'], project_id: 809314, path: /home/senior/senior/Sample_Projects/round_2/809314/src/middlewared/middlewared/plugins/smb_/admin_group.py
ERROR:root:['total'], project_id: 809314, path: /home/senior/senior/Sample_Projects/round_2/809314/src/middlewared/middlewared/plugins/smb_/sharesec.py
ERROR:root:['total'], project_id: 809314, path: /home/senior/senior/Sample_Projects/round_2/809314/src/middlewared/middlewared/plugins/boot_/boot_loader_freebsd.py
ERROR:root:['total'], project_id: 809314, path: /home/senior/senior/Sample_Projects/round_2/809314/src/middlewared/middlewared/plugins/boot_/boot_loader_linux.py
ERROR:root:['total'], project_id: 809314, path: /home/senior/senior/Sample_Projects/round_2/809314/src/middlewared/middlewared/plugins/boot_/format.py
ERROR:root:['total'], project_id: 809314, path: /home/senior/senior/Sample_Projects/round_2/809314/src/middlewared/middlewared/plugins/boot_/boot_loader_base.py
ERROR:root:['total'], project_id: 809314, path: /home/senior/senior/Sample_Projects/round_2/809314/src/middlewared/middlewared/plugins/account_/sync_builtin.py
ERROR:root:['total'], project_id: 809314, path: /home/senior/senior/Sample_Projects/round_2/809314/src/middlewared/middlewared/plugins/pool_/import_disk_linux.py
ERROR:root:['total'], project_id: 809314, path: /home/senior/senior/Sample_Projects/round_2/809314/src/middlewared/middlewared/plugins/pool_/import_disk_freebsd.py
ERROR:root:['total'], project_id: 809314, path: /home/senior/senior/Sample_Projects/round_2/809314/src/middlewared/middlewared/plugins/pool_/expand.py
ERROR:root:['total'], project_id: 809314, path: /home/senior/senior/Sample_Projects/round_2/809314/src/middlewared/middlewared/plugins/pool_/import_disk_base.py
ERROR:root:['total'], project_id: 809314, path: /home/senior/senior/Sample_Projects/round_2/809314/src/middlewared/middlewared/plugins/pool_/replace_disk.py
ERROR:root:['total'], project_id: 809314, path: /home/senior/senior/Sample_Projects/round_2/809314/src/middlewared/middlewared/plugins/pool_/import_disk.py
ERROR:root:['total'], project_id: 809314, path: /home/senior/senior/Sample_Projects/round_2/809314/src/middlewared/middlewared/plugins/pool_/attach_disk.py
ERROR:root:['total'], project_id: 809314, path: /home/senior/senior/Sample_Projects/round_2/809314/src/middlewared/middlewared/plugins/pool_/format_disks.py
ERROR:root:['total'], project_id: 809314, path: /home/senior/senior/Sample_Projects/round_2/809314/src/middlewared/middlewared/plugins/pool_/encryption_freebsd.py
ERROR:root:['total'], project_id: 809314, path: /home/senior/senior/Sample_Projects/round_2/809314/src/middlewared/middlewared/plugins/service_/services/ups.py
ERROR:root:['total'], project_id: 809314, path: /home/senior/senior/Sample_Projects/round_2/809314/src/middlewared/middlewared/plugins/service_/services/snmp.py
ERROR:root:['total'], project_id: 809314, path: /home/senior/senior/Sample_Projects/round_2/809314/src/middlewared/middlewared/plugins/service_/services/ssh.py
ERROR:root:['total'], project_id: 809314, path: /home/senior/senior/Sample_Projects/round_2/809314/src/middlewared/middlewared/plugins/service_/services/mdns.py
ERROR:root:['total'], project_id: 809314, path: /home/senior/senior/Sample_Projects/round_2/809314/src/middlewared/middlewared/plugins/service_/services/nfs.py
ERROR:root:['total'], project_id: 809314, path: /home/senior/senior/Sample_Projects/round_2/809314/src/middlewared/middlewared/plugins/service_/services/smartd.py
ERROR:root:['total'], project_id: 809314, path: /home/senior/senior/Sample_Projects/round_2/809314/src/middlewared/middlewared/plugins/service_/services/base_linux.py
ERROR:root:['total'], project_id: 809314, path: /home/senior/senior/Sample_Projects/round_2/809314/src/middlewared/middlewared/plugins/service_/services/cifs.py
ERROR:root:['total'], project_id: 809314, path: /home/senior/senior/Sample_Projects/round_2/809314/src/middlewared/middlewared/plugins/service_/services/base_freebsd.py
ERROR:root:['total'], project_id: 809314, path: /home/senior/senior/Sample_Projects/round_2/809314/src/middlewared/middlewared/plugins/service_/services/base.py
ERROR:root:['total'], project_id: 809314, path: /home/senior/senior/Sample_Projects/round_2/809314/src/middlewared/middlewared/plugins/service_/services/iscsitarget.py
ERROR:root:['total'], project_id: 809314, path: /home/senior/senior/Sample_Projects/round_2/809314/src/middlewared/middlewared/plugins/service_/services/afp.py
ERROR:root:['total'], project_id: 809314, path: /home/senior/senior/Sample_Projects/round_2/809314/src/middlewared/middlewared/plugins/service_/services/pseudo/misc.py
ERROR:root:['total'], project_id: 809314, path: /home/senior/senior/Sample_Projects/round_2/809314/src/middlewared/middlewared/plugins/service_/services/pseudo/libvirtd.py
ERROR:root:['total'], project_id: 809314, path: /home/senior/senior/Sample_Projects/round_2/809314/src/middlewared/middlewared/plugins/service_/services/pseudo/ad.py
ERROR:root:['total'], project_id: 809314, path: /home/senior/senior/Sample_Projects/round_2/809314/src/middlewared/middlewared/plugins/service_/services/pseudo/collectd.py
ERROR:root:['total'], project_id: 809314, path: /home/senior/senior/Sample_Projects/round_2/809314/src/middlewared/middlewared/plugins/replication_/crud.py
ERROR:root:['total'], project_id: 809314, path: /home/senior/senior/Sample_Projects/round_2/809314/src/middlewared/middlewared/plugins/kmip/update.py
ERROR:root:['total'], project_id: 809314, path: /home/senior/senior/Sample_Projects/round_2/809314/src/middlewared/middlewared/plugins/kmip/__init__.py
ERROR:root:['total'], project_id: 809314, path: /home/senior/senior/Sample_Projects/round_2/809314/src/middlewared/middlewared/plugins/kmip/connection.py
ERROR:root:['total'], project_id: 809314, path: /home/senior/senior/Sample_Projects/round_2/809314/src/middlewared/middlewared/plugins/kmip/zfs_keys.py
ERROR:root:['total'], project_id: 809314, path: /home/senior/senior/Sample_Projects/round_2/809314/src/middlewared/middlewared/plugins/kmip/sed_keys.py
ERROR:root:['total'], project_id: 809314, path: /home/senior/senior/Sample_Projects/round_2/809314/src/middlewared/middlewared/plugins/kmip/sync.py
ERROR:root:['total'], project_id: 809314, path: /home/senior/senior/Sample_Projects/round_2/809314/src/middlewared/middlewared/plugins/device_/device_info_linux.py
ERROR:root:['total'], project_id: 809314, path: /home/senior/senior/Sample_Projects/round_2/809314/src/middlewared/middlewared/plugins/device_/devd_events_freebsd.py
ERROR:root:['total'], project_id: 809314, path: /home/senior/senior/Sample_Projects/round_2/809314/src/middlewared/middlewared/plugins/device_/device_info_freebsd.py
ERROR:root:['total'], project_id: 809314, path: /home/senior/senior/Sample_Projects/round_2/809314/src/middlewared/middlewared/plugins/device_/udev_events_linux.py
ERROR:root:['total'], project_id: 809314, path: /home/senior/senior/Sample_Projects/round_2/809314/src/middlewared/middlewared/plugins/device_/device_info_base.py
ERROR:root:['total'], project_id: 809314, path: /home/senior/senior/Sample_Projects/round_2/809314/src/middlewared/middlewared/plugins/zfs_/zfs_events.py
ERROR:root:['total'], project_id: 809314, path: /home/senior/senior/Sample_Projects/round_2/809314/src/middlewared/middlewared/plugins/zfs_/disks_freebsd.py
ERROR:root:['total'], project_id: 809314, path: /home/senior/senior/Sample_Projects/round_2/809314/src/middlewared/middlewared/plugins/zfs_/disks_linux.py
ERROR:root:['total'], project_id: 809314, path: /home/senior/senior/Sample_Projects/round_2/809314/src/middlewared/middlewared/plugins/zfs_/events_linux.py
ERROR:root:['total'], project_id: 809314, path: /home/senior/senior/Sample_Projects/round_2/809314/src/middlewared/middlewared/plugins/zettarepl_/state.py
ERROR:root:['total'], project_id: 809314, path: /home/senior/senior/Sample_Projects/round_2/809314/src/middlewared/middlewared/plugins/zettarepl_/util.py
ERROR:root:['total'], project_id: 809314, path: /home/senior/senior/Sample_Projects/round_2/809314/src/middlewared/middlewared/plugins/vm_/events.py
ERROR:root:['total'], project_id: 809314, path: /home/senior/senior/Sample_Projects/round_2/809314/src/middlewared/middlewared/plugins/interface/capabilities_freebsd.py
ERROR:root:['total'], project_id: 809314, path: /home/senior/senior/Sample_Projects/round_2/809314/src/middlewared/middlewared/plugins/interface/lag_freebsd.py
ERROR:root:['total'], project_id: 809314, path: /home/senior/senior/Sample_Projects/round_2/809314/src/middlewared/middlewared/plugins/interface/bridge.py
ERROR:root:['total'], project_id: 809314, path: /home/senior/senior/Sample_Projects/round_2/809314/src/middlewared/middlewared/plugins/interface/capabilities_base.py
ERROR:root:['total'], project_id: 809314, path: /home/senior/senior/Sample_Projects/round_2/809314/src/middlewared/middlewared/plugins/interface/configure.py
ERROR:root:['total'], project_id: 809314, path: /home/senior/senior/Sample_Projects/round_2/809314/src/middlewared/middlewared/plugins/interface/type_freebsd.py
ERROR:root:['total'], project_id: 809314, path: /home/senior/senior/Sample_Projects/round_2/809314/src/middlewared/middlewared/plugins/interface/type_base.py
ERROR:root:['total'], project_id: 809314, path: /home/senior/senior/Sample_Projects/round_2/809314/src/middlewared/middlewared/plugins/interface/lag_base.py
ERROR:root:['total'], project_id: 809314, path: /home/senior/senior/Sample_Projects/round_2/809314/src/middlewared/middlewared/plugins/interface/lag_linux.py
ERROR:root:['total'], project_id: 809314, path: /home/senior/senior/Sample_Projects/round_2/809314/src/middlewared/middlewared/plugins/interface/dhclient.py
ERROR:root:['total'], project_id: 809314, path: /home/senior/senior/Sample_Projects/round_2/809314/src/middlewared/middlewared/plugins/interface/type_linux.py
ERROR:root:['total'], project_id: 809314, path: /home/senior/senior/Sample_Projects/round_2/809314/src/middlewared/middlewared/plugins/interface/netif_linux/vlan.py
ERROR:root:['total'], project_id: 809314, path: /home/senior/senior/Sample_Projects/round_2/809314/src/middlewared/middlewared/plugins/interface/netif_linux/lagg.py
ERROR:root:['total'], project_id: 809314, path: /home/senior/senior/Sample_Projects/round_2/809314/src/middlewared/middlewared/plugins/interface/netif_linux/interface.py
ERROR:root:['total'], project_id: 809314, path: /home/senior/senior/Sample_Projects/round_2/809314/src/middlewared/middlewared/plugins/interface/netif_linux/netif.py
ERROR:root:['total'], project_id: 809314, path: /home/senior/senior/Sample_Projects/round_2/809314/src/middlewared/middlewared/plugins/interface/netif_linux/routing.py
ERROR:root:['total'], project_id: 809314, path: /home/senior/senior/Sample_Projects/round_2/809314/src/middlewared/middlewared/plugins/interface/netif_linux/address/mixin.py
ERROR:root:['total'], project_id: 809314, path: /home/senior/senior/Sample_Projects/round_2/809314/src/middlewared/middlewared/plugins/datastore/__init__.py
ERROR:root:['total'], project_id: 809314, path: /home/senior/senior/Sample_Projects/round_2/809314/src/middlewared/middlewared/plugins/datastore/connection.py
ERROR:root:['total'], project_id: 809314, path: /home/senior/senior/Sample_Projects/round_2/809314/src/middlewared/middlewared/plugins/datastore/read.py
ERROR:root:['total'], project_id: 809314, path: /home/senior/senior/Sample_Projects/round_2/809314/src/middlewared/middlewared/plugins/datastore/event.py
ERROR:root:['total'], project_id: 809314, path: /home/senior/senior/Sample_Projects/round_2/809314/src/middlewared/middlewared/plugins/datastore/schema.py
ERROR:root:['total'], project_id: 809314, path: /home/senior/senior/Sample_Projects/round_2/809314/src/middlewared/middlewared/plugins/datastore/util.py
ERROR:root:['total'], project_id: 809314, path: /home/senior/senior/Sample_Projects/round_2/809314/src/middlewared/middlewared/plugins/datastore/write.py
ERROR:root:['total'], project_id: 809314, path: /home/senior/senior/Sample_Projects/round_2/809314/src/middlewared/middlewared/plugins/disk_/swap_remove.py
ERROR:root:['total'], project_id: 809314, path: /home/senior/senior/Sample_Projects/round_2/809314/src/middlewared/middlewared/plugins/disk_/smart.py
ERROR:root:['total'], project_id: 809314, path: /home/senior/senior/Sample_Projects/round_2/809314/src/middlewared/middlewared/plugins/disk_/remove_disk_freebsd.py
ERROR:root:['total'], project_id: 809314, path: /home/senior/senior/Sample_Projects/round_2/809314/src/middlewared/middlewared/plugins/disk_/disk_info_base.py
ERROR:root:['total'], project_id: 809314, path: /home/senior/senior/Sample_Projects/round_2/809314/src/middlewared/middlewared/plugins/disk_/encryption_linux.py
ERROR:root:['total'], project_id: 809314, path: /home/senior/senior/Sample_Projects/round_2/809314/src/middlewared/middlewared/plugins/disk_/hddstandby_force.py
ERROR:root:['total'], project_id: 809314, path: /home/senior/senior/Sample_Projects/round_2/809314/src/middlewared/middlewared/plugins/disk_/smartctl.py
ERROR:root:['total'], project_id: 809314, path: /home/senior/senior/Sample_Projects/round_2/809314/src/middlewared/middlewared/plugins/disk_/swap_mirror_base.py
ERROR:root:['total'], project_id: 809314, path: /home/senior/senior/Sample_Projects/round_2/809314/src/middlewared/middlewared/plugins/disk_/format.py
ERROR:root:['total'], project_id: 809314, path: /home/senior/senior/Sample_Projects/round_2/809314/src/middlewared/middlewared/plugins/disk_/info.py
ERROR:root:['total'], project_id: 809314, path: /home/senior/senior/Sample_Projects/round_2/809314/src/middlewared/middlewared/plugins/disk_/swap_mirror_linux.py
ERROR:root:['total'], project_id: 809314, path: /home/senior/senior/Sample_Projects/round_2/809314/src/middlewared/middlewared/plugins/disk_/smart_attributes.py
ERROR:root:['total'], project_id: 809314, path: /home/senior/senior/Sample_Projects/round_2/809314/src/middlewared/middlewared/plugins/disk_/swap_configure.py
ERROR:root:['total'], project_id: 809314, path: /home/senior/senior/Sample_Projects/round_2/809314/src/middlewared/middlewared/plugins/disk_/sync.py
ERROR:root:['total'], project_id: 809314, path: /home/senior/senior/Sample_Projects/round_2/809314/src/middlewared/middlewared/plugins/disk_/identify_base.py
ERROR:root:['total'], project_id: 809314, path: /home/senior/senior/Sample_Projects/round_2/809314/src/middlewared/middlewared/plugins/disk_/disk_info_freebsd.py
ERROR:root:['total'], project_id: 809314, path: /home/senior/senior/Sample_Projects/round_2/809314/src/middlewared/middlewared/plugins/disk_/wipe.py
ERROR:root:['total'], project_id: 809314, path: /home/senior/senior/Sample_Projects/round_2/809314/src/middlewared/middlewared/plugins/disk_/temperature.py
ERROR:root:['total'], project_id: 809314, path: /home/senior/senior/Sample_Projects/round_2/809314/src/middlewared/middlewared/plugins/disk_/encryption_base.py
ERROR:root:['total'], project_id: 809314, path: /home/senior/senior/Sample_Projects/round_2/809314/src/middlewared/middlewared/plugins/disk_/disk_info_linux.py
ERROR:root:['total'], project_id: 809314, path: /home/senior/senior/Sample_Projects/round_2/809314/src/middlewared/middlewared/plugins/disk_/identify_freebsd.py
ERROR:root:['total'], project_id: 809314, path: /home/senior/senior/Sample_Projects/round_2/809314/src/middlewared/middlewared/plugins/disk_/identify_linux.py
ERROR:root:['total'], project_id: 809314, path: /home/senior/senior/Sample_Projects/round_2/809314/src/middlewared/middlewared/plugins/disk_/swap_mirror_freebsd.py
ERROR:root:['total'], project_id: 809314, path: /home/senior/senior/Sample_Projects/round_2/809314/src/middlewared/middlewared/plugins/disk_/disk_events.py
ERROR:root:['total'], project_id: 809314, path: /home/senior/senior/Sample_Projects/round_2/809314/src/middlewared/middlewared/plugins/disk_/encryption_freebsd.py
ERROR:root:['total'], project_id: 809314, path: /home/senior/senior/Sample_Projects/round_2/809314/src/middlewared/middlewared/plugins/disk_/dumpdev_freebsd.py
ERROR:root:['total'], project_id: 809314, path: /home/senior/senior/Sample_Projects/round_2/809314/src/middlewared/middlewared/plugins/cloud_sync_/crud.py
ERROR:root:['total'], project_id: 809314, path: /home/senior/senior/Sample_Projects/round_2/809314/src/middlewared/middlewared/common/smart/smartctl.py
ERROR:root:['total'], project_id: 809314, path: /home/senior/senior/Sample_Projects/round_2/809314/src/middlewared/middlewared/common/smart/areca.py
ERROR:root:['total'], project_id: 809314, path: /home/senior/senior/Sample_Projects/round_2/809314/src/middlewared/middlewared/common/camcontrol/__init__.py
ERROR:root:['total'], project_id: 809314, path: /home/senior/senior/Sample_Projects/round_2/809314/src/middlewared/middlewared/common/attachment/__init__.py
ERROR:root:['total'], project_id: 809314, path: /home/senior/senior/Sample_Projects/round_2/809314/src/middlewared/middlewared/client/utils.py
ERROR:root:['total'], project_id: 809314, path: /home/senior/senior/Sample_Projects/round_2/809314/src/middlewared/middlewared/client/client.py
ERROR:root:['total'], project_id: 809314, path: /home/senior/senior/Sample_Projects/round_2/809314/src/middlewared/middlewared/alert/base.py
ERROR:root:['total'], project_id: 809314, path: /home/senior/senior/Sample_Projects/round_2/809314/src/middlewared/middlewared/alert/service/snmp_trap.py
ERROR:root:['total'], project_id: 809314, path: /home/senior/senior/Sample_Projects/round_2/809314/src/middlewared/middlewared/alert/service/victorops.py
ERROR:root:['total'], project_id: 809314, path: /home/senior/senior/Sample_Projects/round_2/809314/src/middlewared/middlewared/alert/service/opsgenie.py
ERROR:root:['total'], project_id: 809314, path: /home/senior/senior/Sample_Projects/round_2/809314/src/middlewared/middlewared/alert/service/mail.py
ERROR:root:['total'], project_id: 809314, path: /home/senior/senior/Sample_Projects/round_2/809314/src/middlewared/middlewared/alert/source/vmware_snapshot.py
ERROR:root:['total'], project_id: 809314, path: /home/senior/senior/Sample_Projects/round_2/809314/src/middlewared/middlewared/alert/source/quota.py
ERROR:root:['total'], project_id: 809314, path: /home/senior/senior/Sample_Projects/round_2/809314/src/middlewared/middlewared/alert/source/boot_pool.py
ERROR:root:['total'], project_id: 809314, path: /home/senior/senior/Sample_Projects/round_2/809314/src/middlewared/middlewared/alert/source/jails.py
ERROR:root:['total'], project_id: 809314, path: /home/senior/senior/Sample_Projects/round_2/809314/src/middlewared/middlewared/alert/source/scrub_paused.py
ERROR:root:['total'], project_id: 809314, path: /home/senior/senior/Sample_Projects/round_2/809314/src/middlewared/middlewared/alert/source/web_ui_bind_address.py
ERROR:root:['total'], project_id: 809314, path: /home/senior/senior/Sample_Projects/round_2/809314/src/middlewared/middlewared/alert/source/smart.py
ERROR:root:['total'], project_id: 809314, path: /home/senior/senior/Sample_Projects/round_2/809314/src/middlewared/middlewared/alert/source/multipaths.py
ERROR:root:['total'], project_id: 809314, path: /home/senior/senior/Sample_Projects/round_2/809314/src/middlewared/middlewared/alert/source/samba4.py
ERROR:root:['total'], project_id: 809314, path: /home/senior/senior/Sample_Projects/round_2/809314/src/middlewared/middlewared/alert/source/volume_status.py
ERROR:root:['total'], project_id: 809314, path: /home/senior/senior/Sample_Projects/round_2/809314/src/middlewared/middlewared/alert/source/certificates.py
ERROR:root:['total'], project_id: 809314, path: /home/senior/senior/Sample_Projects/round_2/809314/src/middlewared/middlewared/alert/source/vmware_login.py
ERROR:root:['total'], project_id: 809314, path: /home/senior/senior/Sample_Projects/round_2/809314/src/middlewared/middlewared/alert/source/ipmi_sel.py
ERROR:root:['total'], project_id: 809314, path: /home/senior/senior/Sample_Projects/round_2/809314/src/middlewared/middlewared/alert/source/nis.py
ERROR:root:['total'], project_id: 809314, path: /home/senior/senior/Sample_Projects/round_2/809314/src/middlewared/middlewared/alert/source/ssh_login_failures.py
ERROR:root:['total'], project_id: 809314, path: /home/senior/senior/Sample_Projects/round_2/809314/src/middlewared/middlewared/alert/source/iscsi_portal_ips.py
ERROR:root:['total'], project_id: 809314, path: /home/senior/senior/Sample_Projects/round_2/809314/src/middlewared/middlewared/alert/source/active_directory.py
ERROR:root:['total'], project_id: 809314, path: /home/senior/senior/Sample_Projects/round_2/809314/src/middlewared/middlewared/alert/source/replication.py
ERROR:root:['total'], project_id: 809314, path: /home/senior/senior/Sample_Projects/round_2/809314/src/middlewared/middlewared/alert/source/rsync.py
ERROR:root:['total'], project_id: 809314, path: /home/senior/senior/Sample_Projects/round_2/809314/src/middlewared/middlewared/alert/source/ldap.py
ERROR:root:['total'], project_id: 809314, path: /home/senior/senior/Sample_Projects/round_2/809314/src/middlewared/middlewared/utils/path.py
ERROR:root:['total'], project_id: 809314, path: /home/senior/senior/Sample_Projects/round_2/809314/src/middlewared/middlewared/utils/__init__.py
ERROR:root:['total'], project_id: 809314, path: /home/senior/senior/Sample_Projects/round_2/809314/src/middlewared/middlewared/utils/io_thread_pool_executor.py
ERROR:root:['total'], project_id: 809314, path: /home/senior/senior/Sample_Projects/round_2/809314/src/middlewared/middlewared/utils/string.py
ERROR:root:['total'], project_id: 809314, path: /home/senior/senior/Sample_Projects/round_2/809314/src/middlewared/middlewared/utils/contextlib.py
ERROR:root:['total'], project_id: 809314, path: /home/senior/senior/Sample_Projects/round_2/809314/src/middlewared/middlewared/utils/lock.py
ERROR:root:['total'], project_id: 809314, path: /home/senior/senior/Sample_Projects/round_2/809314/src/middlewared/middlewared/utils/run_in_thread.py
ERROR:root:['total'], project_id: 809314, path: /home/senior/senior/Sample_Projects/round_2/809314/src/middlewared/middlewared/utils/asyncio_.py
ERROR:root:['total'], project_id: 809314, path: /home/senior/senior/Sample_Projects/round_2/809314/src/middlewared/middlewared/utils/profile.py
ERROR:root:['total'], project_id: 809314, path: /home/senior/senior/Sample_Projects/round_2/809314/src/middlewared/middlewared/utils/osc/linux/app.py
ERROR:root:['total'], project_id: 809314, path: /home/senior/senior/Sample_Projects/round_2/809314/src/middlewared/middlewared/pytest/conftest.py
ERROR:root:['total'], project_id: 809314, path: /home/senior/senior/Sample_Projects/round_2/809314/src/middlewared/middlewared/pytest/unit/middleware.py
ERROR:root:['total'], project_id: 809314, path: /home/senior/senior/Sample_Projects/round_2/809314/src/middlewared/middlewared/pytest/unit/test_service.py
ERROR:root:['total'], project_id: 809314, path: /home/senior/senior/Sample_Projects/round_2/809314/src/middlewared/middlewared/pytest/unit/plugins/test_interface.py
ERROR:root:['total'], project_id: 809314, path: /home/senior/senior/Sample_Projects/round_2/809314/src/middlewared/middlewared/pytest/unit/plugins/test_cloud_sync.py
ERROR:root:['total'], project_id: 809314, path: /home/senior/senior/Sample_Projects/round_2/809314/src/middlewared/middlewared/pytest/unit/plugins/test_disk.py
ERROR:root:['total'], project_id: 809314, path: /home/senior/senior/Sample_Projects/round_2/809314/src/middlewared/middlewared/pytest/unit/plugins/test_zettarepl.py
ERROR:root:['total'], project_id: 809314, path: /home/senior/senior/Sample_Projects/round_2/809314/src/middlewared/middlewared/pytest/unit/plugins/test_datastore.py
ERROR:root:['total'], project_id: 809314, path: /home/senior/senior/Sample_Projects/round_2/809314/src/middlewared/middlewared/pytest/unit/plugins/test_smart.py
ERROR:root:['total'], project_id: 809314, path: /home/senior/senior/Sample_Projects/round_2/809314/src/middlewared/middlewared/pytest/unit/common/smart/test_areca.py
ERROR:root:['total'], project_id: 809314, path: /home/senior/senior/Sample_Projects/round_2/809314/src/middlewared/middlewared/pytest/unit/common/smart/test_smartctl.py
ERROR:root:['total'], project_id: 809314, path: /home/senior/senior/Sample_Projects/round_2/809314/src/middlewared/middlewared/pytest/unit/common/camcontrol/test_camcontrol.py
ERROR:root:['total'], project_id: 809314, path: /home/senior/senior/Sample_Projects/round_2/809314/src/middlewared/middlewared/pytest/unit/alert/source/test_ipmi_sel.py
ERROR:root:['total'], project_id: 809314, path: /home/senior/senior/Sample_Projects/round_2/809314/src/middlewared/middlewared/pytest/unit/etc_files/test_smartd.py
ERROR:root:['total'], project_id: 809314, path: /home/senior/senior/Sample_Projects/round_2/809314/src/middlewared/middlewared/pytest/functional/test_0035_group.py
ERROR:root:['total'], project_id: 809314, path: /home/senior/senior/Sample_Projects/round_2/809314/src/middlewared/middlewared/pytest/functional/test_0090_vm.py
ERROR:root:['total'], project_id: 809314, path: /home/senior/senior/Sample_Projects/round_2/809314/src/middlewared/middlewared/pytest/functional/test_0015_config.py
ERROR:root:['total'], project_id: 809314, path: /home/senior/senior/Sample_Projects/round_2/809314/src/middlewared/middlewared/pytest/functional/test_0065_service.py
ERROR:root:['total'], project_id: 809314, path: /home/senior/senior/Sample_Projects/round_2/809314/src/middlewared/middlewared/pytest/functional/test_0060_pool.py
ERROR:root:['total'], project_id: 809314, path: /home/senior/senior/Sample_Projects/round_2/809314/src/middlewared/middlewared/pytest/functional/test_0004_bootenv.py
ERROR:root:['total'], project_id: 809314, path: /home/senior/senior/Sample_Projects/round_2/809314/src/middlewared/middlewared/pytest/functional/test_0004_backup.py
ERROR:root:['total'], project_id: 809314, path: /home/senior/senior/Sample_Projects/round_2/809314/src/middlewared/middlewared/pytest/functional/test_0085_user.py
ERROR:root:['total'], project_id: 809314, path: /home/senior/senior/Sample_Projects/round_2/809314/src/middlewared/middlewared/migration/0001_cloudsync_sftp_private_key_file.py
ERROR:root:['total'], project_id: 809314, path: /home/senior/senior/Sample_Projects/round_2/809314/src/middlewared/middlewared/alembic/env.py
ERROR:root:['total'], project_id: 809314, path: /home/senior/senior/Sample_Projects/round_2/809314/src/middlewared/middlewared/alembic/versions/12.0/2020-01-24_13-34_simplify_idmap_backends.py
ERROR:root:['total'], project_id: 809314, path: /home/senior/senior/Sample_Projects/round_2/809314/src/middlewared/middlewared/alembic/versions/12.0/2019-09-20_11-01_fix_references.py
ERROR:root:['total'], project_id: 809314, path: /home/senior/senior/Sample_Projects/round_2/809314/src/middlewared/middlewared/alembic/versions/12.0/2020-01-14_13-26_add_service_announcments.py
ERROR:root:['total'], project_id: 809314, path: /home/senior/senior/Sample_Projects/round_2/809314/src/middlewared/middlewared/alembic/versions/12.0/2019-09-20_11-02_fix_booleans.py
ERROR:root:['total'], project_id: 809314, path: /home/senior/senior/Sample_Projects/round_2/809314/src/middlewared/middlewared/alembic/versions/12.0/2020-01-23_10-22_simplify_smb_shares.py
ERROR:root:['total'], project_id: 809314, path: /home/senior/senior/Sample_Projects/round_2/809314/src/middlewared/middlewared/alembic/versions/12.0/2019-09-27_08-20_fix_lacking_foreign_keys.py
ERROR:root:['total'], project_id: 809314, path: /home/senior/senior/Sample_Projects/round_2/809314/src/middlewared/middlewared/alembic/versions/12.0/2019-12-10_19-44_fix_idamp_foreign_keys.py
ERROR:root:['total'], project_id: 809314, path: /home/senior/senior/Sample_Projects/round_2/809314/src/middlewared/middlewared/etc_files/krb5.keytab.py
ERROR:root:['total'], project_id: 809314, path: /home/senior/senior/Sample_Projects/round_2/809314/src/middlewared/middlewared/etc_files/pwd_db.py
ERROR:root:['total'], project_id: 809314, path: /home/senior/senior/Sample_Projects/round_2/809314/src/middlewared/middlewared/etc_files/smb_configure.py
ERROR:root:['total'], project_id: 809314, path: /home/senior/senior/Sample_Projects/round_2/809314/src/middlewared/middlewared/etc_files/inetd_conf.py
ERROR:root:['total'], project_id: 809314, path: /home/senior/senior/Sample_Projects/round_2/809314/src/middlewared/middlewared/etc_files/afpd.py
ERROR:root:['total'], project_id: 809314, path: /home/senior/senior/Sample_Projects/round_2/809314/src/middlewared/middlewared/etc_files/nfsd.py
ERROR:root:['total'], project_id: 809314, path: /home/senior/senior/Sample_Projects/round_2/809314/src/middlewared/middlewared/etc_files/syslogd.py
ERROR:root:['total'], project_id: 809314, path: /home/senior/senior/Sample_Projects/round_2/809314/src/middlewared/middlewared/etc_files/sysctl_config.py
ERROR:root:['total'], project_id: 809314, path: /home/senior/senior/Sample_Projects/round_2/809314/src/middlewared/middlewared/etc_files/smartd.py
ERROR:root:['total'], project_id: 809314, path: /home/senior/senior/Sample_Projects/round_2/809314/src/middlewared/middlewared/etc_files/fstab_configure.py
ERROR:root:['total'], project_id: 809314, path: /home/senior/senior/Sample_Projects/round_2/809314/src/middlewared/middlewared/etc_files/localtime_config.py
ERROR:root:['total'], project_id: 809314, path: /home/senior/senior/Sample_Projects/round_2/809314/src/middlewared/middlewared/etc_files/system_setup.py
ERROR:root:['total'], project_id: 809314, path: /home/senior/senior/Sample_Projects/round_2/809314/src/middlewared/middlewared/etc_files/grub.py
ERROR:root:['total'], project_id: 809314, path: /home/senior/senior/Sample_Projects/round_2/809314/src/middlewared/middlewared/etc_files/loader.py
ERROR:root:['total'], project_id: 809314, path: /home/senior/senior/Sample_Projects/round_2/809314/src/middlewared/middlewared/etc_files/rc.conf.py
ERROR:root:['total'], project_id: 809314, path: /home/senior/senior/Sample_Projects/round_2/809314/src/middlewared/middlewared/etc_files/local/proftpd.py
ERROR:root:['total'], project_id: 809314, path: /home/senior/senior/Sample_Projects/round_2/809314/src/middlewared/middlewared/etc_files/local/smb4_share_load.py
ERROR:root:['total'], project_id: 809314, path: /home/senior/senior/Sample_Projects/round_2/809314/src/middlewared/middlewared/etc_files/local/nut/ups_perms.py
ERROR:root:['total'], project_id: 809314, path: /home/senior/senior/Sample_Projects/round_2/809314/src/middlewared/middlewared/etc_files/local/avahi/avahi_services.py
ERROR:root:['total'], project_id: 809314, path: /home/senior/senior/Sample_Projects/round_2/809314/src/middlewared/middlewared/etc_files/local/apache24/webdav_config.py
ERROR:root:['total'], project_id: 809314, path: /home/senior/senior/Sample_Projects/round_2/809314/src/middlewared/middlewared/rclone/base.py
ERROR:root:['total'], project_id: 809314, path: /home/senior/senior/Sample_Projects/round_2/809314/src/middlewared/middlewared/rclone/remote/onedrive.py
ERROR:root:['total'], project_id: 809314, path: /home/senior/senior/Sample_Projects/round_2/809314/src/middlewared/middlewared/rclone/remote/b2.py
ERROR:root:['total'], project_id: 809314, path: /home/senior/senior/Sample_Projects/round_2/809314/src/middlewared/middlewared/rclone/remote/webdav.py
ERROR:root:['total'], project_id: 809314, path: /home/senior/senior/Sample_Projects/round_2/809314/src/middlewared/middlewared/rclone/remote/s3.py
ERROR:root:['total'], project_id: 809314, path: /home/senior/senior/Sample_Projects/round_2/809314/src/middlewared/middlewared/rclone/remote/dropbox.py
ERROR:root:['total'], project_id: 809314, path: /home/senior/senior/Sample_Projects/round_2/809314/src/middlewared/middlewared/rclone/remote/google_cloud_storage.py
ERROR:root:['total'], project_id: 809314, path: /home/senior/senior/Sample_Projects/round_2/809314/src/middlewared/middlewared/rclone/remote/sftp.py
ERROR:root:['total'], project_id: 809314, path: /home/senior/senior/Sample_Projects/round_2/809314/src/middlewared/middlewared/scripts/sedhelper.py
ERROR:root:['total'], project_id: 809314, path: /home/senior/senior/Sample_Projects/round_2/809314/src/middlewared/middlewared/scripts/gdb.py
ERROR:root:['total'], project_id: 809314, path: /home/senior/senior/Sample_Projects/round_2/809314/src/afpusers/files/afpusers.py
ERROR:root:['total'], project_id: 809314, path: /home/senior/senior/Sample_Projects/round_2/809314/src/fenced/fenced/fence.py
ERROR:root:['total'], project_id: 809314, path: /home/senior/senior/Sample_Projects/round_2/809314/src/fenced/fenced/disks.py
ERROR:root:['total'], project_id: 809314, path: /home/senior/senior/Sample_Projects/round_2/809314/tests/runtest.py
ERROR:root:['total'], project_id: 809314, path: /home/senior/senior/Sample_Projects/round_2/809314/tests/functions.py
ERROR:root:['total'], project_id: 809314, path: /home/senior/senior/Sample_Projects/round_2/809314/tests/api2/jail.py
ERROR:root:['total'], project_id: 809314, path: /home/senior/senior/Sample_Projects/round_2/809314/tests/api2/ups.py
ERROR:root:['total'], project_id: 809314, path: /home/senior/senior/Sample_Projects/round_2/809314/tests/api2/update.py
ERROR:root:['total'], project_id: 809314, path: /home/senior/senior/Sample_Projects/round_2/809314/tests/api2/cronjob.py
ERROR:root:['total'], project_id: 809314, path: /home/senior/senior/Sample_Projects/round_2/809314/tests/api2/smart.py
ERROR:root:['total'], project_id: 809314, path: /home/senior/senior/Sample_Projects/round_2/809314/tests/api2/core.py
ERROR:root:['total'], project_id: 809314, path: /home/senior/senior/Sample_Projects/round_2/809314/tests/api2/smb.py
ERROR:root:['total'], project_id: 809314, path: /home/senior/senior/Sample_Projects/round_2/809314/tests/api2/cloudsync.py
ERROR:root:['total'], project_id: 809314, path: /home/senior/senior/Sample_Projects/round_2/809314/tests/api2/initshutdownscript.py
ERROR:root:['total'], project_id: 809314, path: /home/senior/senior/Sample_Projects/round_2/809314/tests/api2/iscsi.py
ERROR:root:['total'], project_id: 809314, path: /home/senior/senior/Sample_Projects/round_2/809314/tests/api2/pool.py
ERROR:root:['total'], project_id: 809314, path: /home/senior/senior/Sample_Projects/round_2/809314/tests/api2/nfs.py
ERROR:root:['total'], project_id: 809314, path: /home/senior/senior/Sample_Projects/round_2/809314/tests/api2/ipmi.py
ERROR:root:['total'], project_id: 809314, path: /home/senior/senior/Sample_Projects/round_2/809314/tests/api2/pool_dataset.py
ERROR:root:['total'], project_id: 809314, path: /home/senior/senior/Sample_Projects/round_2/809314/tests/api2/delete_interfaces.py
ERROR:root:['total'], project_id: 809314, path: /home/senior/senior/Sample_Projects/round_2/809314/tests/api2/s3.py
ERROR:root:['total'], project_id: 809314, path: /home/senior/senior/Sample_Projects/round_2/809314/tests/api2/webdav_osx.py
ERROR:root:['total'], project_id: 809314, path: /home/senior/senior/Sample_Projects/round_2/809314/tests/api2/system_ntpservers.py
ERROR:root:['total'], project_id: 809314, path: /home/senior/senior/Sample_Projects/round_2/809314/tests/api2/staticroutes.py
ERROR:root:['total'], project_id: 809314, path: /home/senior/senior/Sample_Projects/round_2/809314/tests/api2/webdav_bsd.py
ERROR:root:['total'], project_id: 809314, path: /home/senior/senior/Sample_Projects/round_2/809314/tests/api2/interfaces.py
ERROR:root:['total'], project_id: 809314, path: /home/senior/senior/Sample_Projects/round_2/809314/tests/api2/system_general.py
ERROR:root:['total'], project_id: 809314, path: /home/senior/senior/Sample_Projects/round_2/809314/tests/api2/tftp.py
ERROR:root:['total'], project_id: 809314, path: /home/senior/senior/Sample_Projects/round_2/809314/tests/api2/replication.py
ERROR:root:['total'], project_id: 809314, path: /home/senior/senior/Sample_Projects/round_2/809314/tests/api2/rsync.py
ERROR:root:['total'], project_id: 809314, path: /home/senior/senior/Sample_Projects/round_2/809314/tests/api2/disk.py
ERROR:root:['total'], project_id: 809314, path: /home/senior/senior/Sample_Projects/round_2/809314/tests/api2/idmap.py
ERROR:root:['total'], project_id: 809314, path: /home/senior/senior/Sample_Projects/round_2/809314/tests/api2/tunable.py
ERROR:root:['total'], project_id: 809314, path: /home/senior/senior/Sample_Projects/round_2/809314/tests/api2/group.py
ERROR:root:['total'], project_id: 809314, path: /home/senior/senior/Sample_Projects/round_2/809314/tests/api2/vm.py
ERROR:root:['total'], project_id: 809314, path: /home/senior/senior/Sample_Projects/round_2/809314/tests/api2/filesystem.py
ERROR:root:['total'], project_id: 809314, path: /home/senior/senior/Sample_Projects/round_2/809314/tests/api2/boot.py
ERROR:root:['total'], project_id: 809314, path: /home/senior/senior/Sample_Projects/round_2/809314/tests/api2/system_advanced.py
ERROR:root:['total'], project_id: 809314, path: /home/senior/senior/Sample_Projects/round_2/809314/tests/api2/plugin.py
ERROR:root:['total'], project_id: 809314, path: /home/senior/senior/Sample_Projects/round_2/809314/tests/api2/service.py
ERROR:root:['total'], project_id: 809314, path: /home/senior/senior/Sample_Projects/round_2/809314/tests/api2/activedirectory.py
ERROR:root:['total'], project_id: 809314, path: /home/senior/senior/Sample_Projects/round_2/809314/tests/api2/certificate.py
ERROR:root:['total'], project_id: 809314, path: /home/senior/senior/Sample_Projects/round_2/809314/tests/api2/account.py
ERROR:root:['total'], project_id: 809314, path: /home/senior/senior/Sample_Projects/round_2/809314/tests/api2/afp.py
ERROR:root:['total'], project_id: 809314, path: /home/senior/senior/Sample_Projects/round_2/809314/tests/api2/smb_sharesec.py
ERROR:root:[Command '['radon', 'raw', '-j', '/home/senior/senior/Sample_Projects/round_2/21201454/input/thermo/groups/group.py']' timed out after 10 seconds], project_id: 21201454, path: /home/senior/senior/Sample_Projects/round_2/21201454/input/thermo/groups/group.py
ERROR:root:[Command '['radon', 'raw', '-j', '/home/senior/senior/Sample_Projects/round_2/10752221/Classify/jieba/finalseg/prob_emit.py']' timed out after 10 seconds], project_id: 10752221, path: /home/senior/senior/Sample_Projects/round_2/10752221/Classify/jieba/finalseg/prob_emit.py
ERROR:root:[Command '['radon', 'raw', '-j', '/home/senior/senior/Sample_Projects/round_2/10752221/Classify/jieba/posseg/prob_emit.py']' timed out after 10 seconds], project_id: 10752221, path: /home/senior/senior/Sample_Projects/round_2/10752221/Classify/jieba/posseg/prob_emit.py
ERROR:root:[Command '['radon', 'raw', '-j', '/home/senior/senior/Sample_Projects/round_2/10752221/Classify/jieba/posseg/prob_trans.py']' timed out after 10 seconds], project_id: 10752221, path: /home/senior/senior/Sample_Projects/round_2/10752221/Classify/jieba/posseg/prob_trans.py
ERROR:root:[Command '['radon', 'raw', '-j', '/home/senior/senior/Sample_Projects/round_2/10752221/Classify/jieba/posseg/char_state_tab.py']' timed out after 10 seconds], project_id: 10752221, path: /home/senior/senior/Sample_Projects/round_2/10752221/Classify/jieba/posseg/char_state_tab.py
ERROR:root:['total'], project_id: 10752221, path: /home/senior/senior/Sample_Projects/round_2/10752221/DecisionTree/get_ganji_dat.py
ERROR:root:['total'], project_id: 10752221, path: /home/senior/senior/Sample_Projects/round_2/10752221/DecisionTree/ganji_house_rent_price_predict.py
ERROR:root:['total'], project_id: 10752221, path: /home/senior/senior/Sample_Projects/round_2/10752221/DecisionTree/decisiontree.py
ERROR:root:['total'], project_id: 10752221, path: /home/senior/senior/Sample_Projects/round_2/10752221/PriceModel/iphone5_price_model.py
ERROR:root:['total'], project_id: 10752221, path: /home/senior/senior/Sample_Projects/round_2/10752221/PriceModel/get_ganji_dat.py
ERROR:root:['total'], project_id: 10752221, path: /home/senior/senior/Sample_Projects/round_2/10752221/PriceModel/numpredict.py
ERROR:root:['total'], project_id: 10752221, path: /home/senior/senior/Sample_Projects/round_2/10752221/RecommendationsSys/file_process_str2id.py
ERROR:root:['total'], project_id: 10752221, path: /home/senior/senior/Sample_Projects/round_2/10752221/RecommendationsSys/recommendations.py
ERROR:root:['total'], project_id: 10752221, path: /home/senior/senior/Sample_Projects/round_2/10752221/RecommendationsSys/getdatV1.py
ERROR:root:['total'], project_id: 10752221, path: /home/senior/senior/Sample_Projects/round_2/10752221/Cluster/get_weibo_dat.py
ERROR:root:[Command '['radon', 'raw', '-j', '/home/senior/senior/Sample_Projects/round_2/10752221/NMF/jieba/finalseg/prob_emit.py']' timed out after 10 seconds], project_id: 10752221, path: /home/senior/senior/Sample_Projects/round_2/10752221/NMF/jieba/finalseg/prob_emit.py
ERROR:root:[Command '['radon', 'raw', '-j', '/home/senior/senior/Sample_Projects/round_2/10752221/NMF/jieba/posseg/prob_emit.py']' timed out after 10 seconds], project_id: 10752221, path: /home/senior/senior/Sample_Projects/round_2/10752221/NMF/jieba/posseg/prob_emit.py
ERROR:root:[Command '['radon', 'raw', '-j', '/home/senior/senior/Sample_Projects/round_2/10752221/NMF/jieba/posseg/prob_trans.py']' timed out after 10 seconds], project_id: 10752221, path: /home/senior/senior/Sample_Projects/round_2/10752221/NMF/jieba/posseg/prob_trans.py
ERROR:root:[Command '['radon', 'raw', '-j', '/home/senior/senior/Sample_Projects/round_2/10752221/NMF/jieba/posseg/char_state_tab.py']' timed out after 10 seconds], project_id: 10752221, path: /home/senior/senior/Sample_Projects/round_2/10752221/NMF/jieba/posseg/char_state_tab.py
ERROR:root:[Command '['radon', 'raw', '-j', '/home/senior/senior/Sample_Projects/round_2/5112713/qframer/resources/qrc_icons_py34.py']' timed out after 10 seconds], project_id: 5112713, path: /home/senior/senior/Sample_Projects/round_2/5112713/qframer/resources/qrc_icons_py34.py
ERROR:root:['total'], project_id: 5112713, path: /home/senior/senior/Sample_Projects/round_2/5112713/distribution/disthelpers.py
ERROR:root:['total'], project_id: 23066372, path: /home/senior/senior/Sample_Projects/round_2/23066372/buildout-cache/eggs/setuptools-12.2-py2.7.egg/setuptools/tests/script-with-bom.py
ERROR:root:[Command '['radon', 'raw', '-j', '/home/senior/senior/Sample_Projects/round_2/23066372/buildout-cache/eggs/Pygments-1.6-py2.7.egg/pygments/lexers/_phpbuiltins.py']' timed out after 10 seconds], project_id: 23066372, path: /home/senior/senior/Sample_Projects/round_2/23066372/buildout-cache/eggs/Pygments-1.6-py2.7.egg/pygments/lexers/_phpbuiltins.py
ERROR:root:[Command '['radon', 'raw', '-j', '/home/senior/senior/Sample_Projects/round_2/23066372/buildout-cache/eggs/Pygments-1.6-py2.7.egg/pygments/lexers/_lassobuiltins.py']' timed out after 10 seconds], project_id: 23066372, path: /home/senior/senior/Sample_Projects/round_2/23066372/buildout-cache/eggs/Pygments-1.6-py2.7.egg/pygments/lexers/_lassobuiltins.py
ERROR:root:[Command '['radon', 'raw', '-j', '/home/senior/senior/Sample_Projects/round_2/23066372/buildout-cache/eggs/future-0.14.0-py2.7.egg/future/backports/html/entities.py']' timed out after 10 seconds], project_id: 23066372, path: /home/senior/senior/Sample_Projects/round_2/23066372/buildout-cache/eggs/future-0.14.0-py2.7.egg/future/backports/html/entities.py
ERROR:root:[Command '['radon', 'raw', '-j', '/home/senior/senior/Sample_Projects/round_2/23066372/buildout-cache/eggs/zope.datetime-3.4.1-py2.7.egg/zope/datetime/timezones.py']' timed out after 10 seconds], project_id: 23066372, path: /home/senior/senior/Sample_Projects/round_2/23066372/buildout-cache/eggs/zope.datetime-3.4.1-py2.7.egg/zope/datetime/timezones.py
ERROR:root:[Command '['radon', 'raw', '-j', '/home/senior/senior/Sample_Projects/round_2/23066372/buildout-cache/eggs/Products.PortalTransforms-2.1.6-py2.7.egg/Products/PortalTransforms/transforms/safe_html.py']' timed out after 10 seconds], project_id: 23066372, path: /home/senior/senior/Sample_Projects/round_2/23066372/buildout-cache/eggs/Products.PortalTransforms-2.1.6-py2.7.egg/Products/PortalTransforms/transforms/safe_html.py
ERROR:root:['total'], project_id: 23066372, path: /home/senior/senior/Sample_Projects/round_2/23066372/buildout-cache--/eggs/setuptools-12.2-py2.7.egg/setuptools/tests/script-with-bom.py
ERROR:root:[Command '['radon', 'raw', '-j', '/home/senior/senior/Sample_Projects/round_2/23066372/buildout-cache--/eggs/Pygments-1.6-py2.7.egg/pygments/lexers/_phpbuiltins.py']' timed out after 10 seconds], project_id: 23066372, path: /home/senior/senior/Sample_Projects/round_2/23066372/buildout-cache--/eggs/Pygments-1.6-py2.7.egg/pygments/lexers/_phpbuiltins.py
ERROR:root:[Command '['radon', 'raw', '-j', '/home/senior/senior/Sample_Projects/round_2/23066372/buildout-cache--/eggs/Pygments-1.6-py2.7.egg/pygments/lexers/_lassobuiltins.py']' timed out after 10 seconds], project_id: 23066372, path: /home/senior/senior/Sample_Projects/round_2/23066372/buildout-cache--/eggs/Pygments-1.6-py2.7.egg/pygments/lexers/_lassobuiltins.py
ERROR:root:[Command '['radon', 'raw', '-j', '/home/senior/senior/Sample_Projects/round_2/23066372/buildout-cache--/eggs/future-0.14.0-py2.7.egg/future/backports/html/entities.py']' timed out after 10 seconds], project_id: 23066372, path: /home/senior/senior/Sample_Projects/round_2/23066372/buildout-cache--/eggs/future-0.14.0-py2.7.egg/future/backports/html/entities.py
ERROR:root:[Command '['radon', 'raw', '-j', '/home/senior/senior/Sample_Projects/round_2/23066372/buildout-cache--/eggs/zope.datetime-3.4.1-py2.7.egg/zope/datetime/timezones.py']' timed out after 10 seconds], project_id: 23066372, path: /home/senior/senior/Sample_Projects/round_2/23066372/buildout-cache--/eggs/zope.datetime-3.4.1-py2.7.egg/zope/datetime/timezones.py
ERROR:root:[Command '['radon', 'raw', '-j', '/home/senior/senior/Sample_Projects/round_2/23066372/buildout-cache--/eggs/Products.PortalTransforms-2.1.6-py2.7.egg/Products/PortalTransforms/transforms/safe_html.py']' timed out after 10 seconds], project_id: 23066372, path: /home/senior/senior/Sample_Projects/round_2/23066372/buildout-cache--/eggs/Products.PortalTransforms-2.1.6-py2.7.egg/Products/PortalTransforms/transforms/safe_html.py
ERROR:root:[Command '['radon', 'raw', '-j', '/home/senior/senior/Sample_Projects/round_2/23066372/lib/python2.7/site-packages/pip/_vendor/html5lib/constants.py']' timed out after 10 seconds], project_id: 23066372, path: /home/senior/senior/Sample_Projects/round_2/23066372/lib/python2.7/site-packages/pip/_vendor/html5lib/constants.py
ERROR:root:[Command '['radon', 'raw', '-j', '/home/senior/senior/Sample_Projects/round_2/23066372/lib/python2.7/site-packages/pip/_vendor/requests/packages/chardet/euckrfreq.py']' timed out after 10 seconds], project_id: 23066372, path: /home/senior/senior/Sample_Projects/round_2/23066372/lib/python2.7/site-packages/pip/_vendor/requests/packages/chardet/euckrfreq.py
ERROR:root:[Command '['radon', 'raw', '-j', '/home/senior/senior/Sample_Projects/round_2/23066372/lib/python2.7/site-packages/pip/_vendor/requests/packages/chardet/big5freq.py']' timed out after 10 seconds], project_id: 23066372, path: /home/senior/senior/Sample_Projects/round_2/23066372/lib/python2.7/site-packages/pip/_vendor/requests/packages/chardet/big5freq.py
ERROR:root:['total'], project_id: 1142, path: /home/senior/senior/Sample_Projects/round_2/1142/templates/test_module/tests/unit/modules/test_{{module_name}}.py
ERROR:root:['total'], project_id: 1142, path: /home/senior/senior/Sample_Projects/round_2/1142/templates/test_state/tests/unit/states/test_{{module_name}}.py
ERROR:root:['total'], project_id: 1142, path: /home/senior/senior/Sample_Projects/round_2/1142/templates/module/salt/modules/{{module_name}}.py
ERROR:root:['total'], project_id: 1142, path: /home/senior/senior/Sample_Projects/round_2/1142/templates/state/salt/states/{{module_name}}.py
ERROR:root:[Command '['radon', 'raw', '-j', '/home/senior/senior/Sample_Projects/round_2/1142/salt/modules/win_lgpo.py']' timed out after 10 seconds], project_id: 1142, path: /home/senior/senior/Sample_Projects/round_2/1142/salt/modules/win_lgpo.py
ERROR:root:[Command '['radon', 'raw', '-j', '/home/senior/senior/Sample_Projects/round_2/9313674/conary_test/libtest/fixeddifflibtest.py']' timed out after 10 seconds], project_id: 9313674, path: /home/senior/senior/Sample_Projects/round_2/9313674/conary_test/libtest/fixeddifflibtest.py
